<?xml version="1.0" encoding="UTF-8"?>
<!-- Generated by org.testng.reporters.JUnitReportReporter -->
<testsuite skipped="0" hostname="NTPC02446" name="testing.MainTest" tests="1" failures="0" timestamp="2020-07-01T23:26:05 CAT" time="7.546" errors="0">
  <testcase name="ValidateAddtoCart" time="7.546" classname="testing.MainTest"/>
  <system-out/>
</testsuite> <!-- testing.MainTest -->
